cabal: Entering directory '/tmp/cabal-tmp-178/vty-5.35.1'
Configuring vty-5.35.1...
Preprocessing library for vty-5.35.1..
Building library for vty-5.35.1..
[ 1 of 40] Compiling Codec.Binary.UTF8.Debug ( src/Codec/Binary/UTF8/Debug.hs, dist/dist-sandbox-ee8bd1a/build/Codec/Binary/UTF8/Debug.o )
[ 2 of 40] Compiling Data.Terminfo.Parse ( src/Data/Terminfo/Parse.hs, dist/dist-sandbox-ee8bd1a/build/Data/Terminfo/Parse.o )
[ 3 of 40] Compiling Data.Terminfo.Eval ( src/Data/Terminfo/Eval.hs, dist/dist-sandbox-ee8bd1a/build/Data/Terminfo/Eval.o )
[ 4 of 40] Compiling Graphics.Text.Width ( src/Graphics/Text/Width.hs, dist/dist-sandbox-ee8bd1a/build/Graphics/Text/Width.o )
[ 5 of 40] Compiling Graphics.Vty.Attributes.Color240 ( src/Graphics/Vty/Attributes/Color240.hs, dist/dist-sandbox-ee8bd1a/build/Graphics/Vty/Attributes/Color240.o )
[ 6 of 40] Compiling Graphics.Vty.Attributes.Color ( src/Graphics/Vty/Attributes/Color.hs, dist/dist-sandbox-ee8bd1a/build/Graphics/Vty/Attributes/Color.o )
[ 7 of 40] Compiling Graphics.Vty.Attributes ( src/Graphics/Vty/Attributes.hs, dist/dist-sandbox-ee8bd1a/build/Graphics/Vty/Attributes.o )
[ 8 of 40] Compiling Graphics.Vty.DisplayAttributes ( src/Graphics/Vty/DisplayAttributes.hs, dist/dist-sandbox-ee8bd1a/build/Graphics/Vty/DisplayAttributes.o )
[ 9 of 40] Compiling Graphics.Vty.Error ( src/Graphics/Vty/Error.hs, dist/dist-sandbox-ee8bd1a/build/Graphics/Vty/Error.o )
[10 of 40] Compiling Graphics.Vty.Image.Internal ( src/Graphics/Vty/Image/Internal.hs, dist/dist-sandbox-ee8bd1a/build/Graphics/Vty/Image/Internal.o )
[11 of 40] Compiling Graphics.Vty.Image ( src/Graphics/Vty/Image.hs, dist/dist-sandbox-ee8bd1a/build/Graphics/Vty/Image.o )
[12 of 40] Compiling Graphics.Vty.Debug.Image ( src/Graphics/Vty/Debug/Image.hs, dist/dist-sandbox-ee8bd1a/build/Graphics/Vty/Debug/Image.o )
[13 of 40] Compiling Graphics.Vty.Input.Events ( src/Graphics/Vty/Input/Events.hs, dist/dist-sandbox-ee8bd1a/build/Graphics/Vty/Input/Events.o )
[14 of 40] Compiling Graphics.Vty.Input.Classify.Types ( src/Graphics/Vty/Input/Classify/Types.hs, dist/dist-sandbox-ee8bd1a/build/Graphics/Vty/Input/Classify/Types.o )
[15 of 40] Compiling Graphics.Vty.Input.Classify.Parse ( src/Graphics/Vty/Input/Classify/Parse.hs, dist/dist-sandbox-ee8bd1a/build/Graphics/Vty/Input/Classify/Parse.o )
[16 of 40] Compiling Graphics.Vty.Config ( src/Graphics/Vty/Config.hs, dist/dist-sandbox-ee8bd1a/build/Graphics/Vty/Config.o )
[17 of 40] Compiling Graphics.Vty.Input.Focus ( src/Graphics/Vty/Input/Focus.hs, dist/dist-sandbox-ee8bd1a/build/Graphics/Vty/Input/Focus.o )
[18 of 40] Compiling Graphics.Vty.Input.Mouse ( src/Graphics/Vty/Input/Mouse.hs, dist/dist-sandbox-ee8bd1a/build/Graphics/Vty/Input/Mouse.o )
[19 of 40] Compiling Graphics.Vty.Input.Paste ( src/Graphics/Vty/Input/Paste.hs, dist/dist-sandbox-ee8bd1a/build/Graphics/Vty/Input/Paste.o )
[20 of 40] Compiling Graphics.Vty.Input.Classify ( src/Graphics/Vty/Input/Classify.hs, dist/dist-sandbox-ee8bd1a/build/Graphics/Vty/Input/Classify.o )
[21 of 40] Compiling Graphics.Vty.Input.Loop ( src/Graphics/Vty/Input/Loop.hs, dist/dist-sandbox-ee8bd1a/build/Graphics/Vty/Input/Loop.o )
[22 of 40] Compiling Graphics.Vty.Input.Terminfo.ANSIVT ( src/Graphics/Vty/Input/Terminfo/ANSIVT.hs, dist/dist-sandbox-ee8bd1a/build/Graphics/Vty/Input/Terminfo/ANSIVT.o )
[23 of 40] Compiling Graphics.Vty.Input.Terminfo ( src/Graphics/Vty/Input/Terminfo.hs, dist/dist-sandbox-ee8bd1a/build/Graphics/Vty/Input/Terminfo.o )
[24 of 40] Compiling Graphics.Vty.Input ( src/Graphics/Vty/Input.hs, dist/dist-sandbox-ee8bd1a/build/Graphics/Vty/Input.o )
[25 of 40] Compiling Graphics.Vty.Picture ( src/Graphics/Vty/Picture.hs, dist/dist-sandbox-ee8bd1a/build/Graphics/Vty/Picture.o )
[26 of 40] Compiling Graphics.Vty.Span ( src/Graphics/Vty/Span.hs, dist/dist-sandbox-ee8bd1a/build/Graphics/Vty/Span.o )
[27 of 40] Compiling Graphics.Vty.PictureToSpans ( src/Graphics/Vty/PictureToSpans.hs, dist/dist-sandbox-ee8bd1a/build/Graphics/Vty/PictureToSpans.o )
[28 of 40] Compiling Graphics.Vty.Output.Interface ( src/Graphics/Vty/Output/Interface.hs, dist/dist-sandbox-ee8bd1a/build/Graphics/Vty/Output/Interface.o )
[29 of 40] Compiling Graphics.Vty.Output.TerminfoBased ( src/Graphics/Vty/Output/TerminfoBased.hs, dist/dist-sandbox-ee8bd1a/build/Graphics/Vty/Output/TerminfoBased.o )
[30 of 40] Compiling Graphics.Vty.Output.XTermColor ( src/Graphics/Vty/Output/XTermColor.hs, dist/dist-sandbox-ee8bd1a/build/Graphics/Vty/Output/XTermColor.o )
[31 of 40] Compiling Graphics.Vty.Output.Mock ( src/Graphics/Vty/Output/Mock.hs, dist/dist-sandbox-ee8bd1a/build/Graphics/Vty/Output/Mock.o )
[32 of 40] Compiling Graphics.Vty.Output ( src/Graphics/Vty/Output.hs, dist/dist-sandbox-ee8bd1a/build/Graphics/Vty/Output.o )
[33 of 40] Compiling Graphics.Vty.Debug ( src/Graphics/Vty/Debug.hs, dist/dist-sandbox-ee8bd1a/build/Graphics/Vty/Debug.o )
[34 of 40] Compiling Graphics.Vty.UnicodeWidthTable.Types ( src/Graphics/Vty/UnicodeWidthTable/Types.hs, dist/dist-sandbox-ee8bd1a/build/Graphics/Vty/UnicodeWidthTable/Types.o )
[35 of 40] Compiling Graphics.Vty.UnicodeWidthTable.Query ( src/Graphics/Vty/UnicodeWidthTable/Query.hs, dist/dist-sandbox-ee8bd1a/build/Graphics/Vty/UnicodeWidthTable/Query.o )
[36 of 40] Compiling Graphics.Vty.UnicodeWidthTable.Install ( src/Graphics/Vty/UnicodeWidthTable/Install.hs, dist/dist-sandbox-ee8bd1a/build/Graphics/Vty/UnicodeWidthTable/Install.o )
[37 of 40] Compiling Graphics.Vty.UnicodeWidthTable.IO ( src/Graphics/Vty/UnicodeWidthTable/IO.hs, dist/dist-sandbox-ee8bd1a/build/Graphics/Vty/UnicodeWidthTable/IO.o )
[38 of 40] Compiling Graphics.Vty     ( src/Graphics/Vty.hs, dist/dist-sandbox-ee8bd1a/build/Graphics/Vty.o )
[39 of 40] Compiling Graphics.Vty.Inline.Unsafe ( src/Graphics/Vty/Inline/Unsafe.hs, dist/dist-sandbox-ee8bd1a/build/Graphics/Vty/Inline/Unsafe.o )
[40 of 40] Compiling Graphics.Vty.Inline ( src/Graphics/Vty/Inline.hs, dist/dist-sandbox-ee8bd1a/build/Graphics/Vty/Inline.o )
Preprocessing executable 'vty-build-width-table' for vty-5.35.1..
Building executable 'vty-build-width-table' for vty-5.35.1..
[1 of 1] Compiling Main             ( tools/BuildWidthTable.hs, dist/dist-sandbox-ee8bd1a/build/vty-build-width-table/vty-build-width-table-tmp/Main.o )
Linking dist/dist-sandbox-ee8bd1a/build/vty-build-width-table/vty-build-width-table ...
Preprocessing executable 'vty-demo' for vty-5.35.1..
Building executable 'vty-demo' for vty-5.35.1..
[1 of 1] Compiling Main             ( demos/Demo.hs, dist/dist-sandbox-ee8bd1a/build/vty-demo/vty-demo-tmp/Main.o )
Linking dist/dist-sandbox-ee8bd1a/build/vty-demo/vty-demo ...
Preprocessing executable 'vty-mode-demo' for vty-5.35.1..
Building executable 'vty-mode-demo' for vty-5.35.1..
[1 of 1] Compiling Main             ( demos/ModeDemo.hs, dist/dist-sandbox-ee8bd1a/build/vty-mode-demo/vty-mode-demo-tmp/Main.o )
Linking dist/dist-sandbox-ee8bd1a/build/vty-mode-demo/vty-mode-demo ...
Installing library in /home/runner/HitAndBlowTUI/.cabal-sandbox/lib/x86_64-linux-ghc-8.6.5/vty-5.35.1-Eekmly5pHJyKGdYzsqmUZF
Installing executable vty-build-width-table in /home/runner/HitAndBlowTUI/.cabal-sandbox/bin
Installing executable vty-demo in /home/runner/HitAndBlowTUI/.cabal-sandbox/bin
Installing executable vty-mode-demo in /home/runner/HitAndBlowTUI/.cabal-sandbox/bin
cabal: Leaving directory '/tmp/cabal-tmp-178/vty-5.35.1'
